SF:lib\shared\api\models\character\character_info_response.dart
DA:12,2
DA:19,0
DA:20,0
DA:21,2
LF:4
LH:2
end_of_record
SF:lib\shared\api\models\character\character_info_response.g.dart
DA:9,0
DA:11,0
DA:12,0
DA:13,0
DA:14,0
DA:15,0
DA:18,1
DA:20,1
DA:21,1
DA:22,1
DA:23,1
DA:24,1
LF:12
LH:6
end_of_record
SF:lib\shared\api\character_endpoint.dart
DA:6,1
DA:7,1
DA:8,2
LF:3
LH:3
end_of_record
SF:lib\shared\api\character_enpoint_provider.dart
DA:5,3
DA:6,1
DA:7,2
DA:8,1
LF:4
LH:4
end_of_record
SF:lib\shared\api\models\character\character_location_response.dart
DA:9,9
DA:14,0
DA:15,0
DA:16,2
LF:4
LH:2
end_of_record
SF:lib\shared\api\models\character\character_location_response.g.dart
DA:9,0
DA:11,0
DA:12,0
DA:13,0
DA:16,1
DA:18,1
DA:19,1
DA:20,1
LF:8
LH:4
end_of_record
SF:lib\shared\api\models\character\character_result_response.dart
DA:21,2
DA:36,0
DA:37,0
DA:38,2
LF:4
LH:2
end_of_record
SF:lib\shared\api\models\character\character_result_response.g.dart
DA:9,0
DA:11,0
DA:12,0
DA:13,0
DA:14,0
DA:15,0
DA:16,0
DA:17,0
DA:18,0
DA:19,0
DA:20,0
DA:21,0
DA:22,0
DA:23,0
DA:24,0
DA:25,0
DA:28,1
DA:30,1
DA:31,1
DA:32,1
DA:33,1
DA:34,1
DA:35,1
DA:36,1
DA:37,1
DA:38,1
DA:39,1
DA:40,1
DA:41,1
DA:42,1
LF:30
LH:14
end_of_record
SF:lib\shared\api\models\character\get_all_characters_response.dart
DA:12,1
DA:17,0
DA:18,0
DA:19,2
LF:4
LH:2
end_of_record
SF:lib\shared\api\models\character\get_all_characters_response.g.dart
DA:9,0
DA:11,0
DA:12,0
DA:13,0
DA:14,0
DA:15,0
DA:16,0
DA:19,1
DA:21,1
DA:22,1
DA:23,1
LF:11
LH:4
end_of_record
SF:lib\shared\api\repository\characters_repository.dart
DA:6,1
DA:8,1
DA:9,2
DA:10,0
LF:4
LH:3
end_of_record
SF:lib\shared\api\repository\characters_repository_provider.dart
DA:5,3
DA:6,1
DA:7,1
DA:8,2
LF:4
LH:4
end_of_record
SF:lib\shared\api\usecase\character_provider.dart
DA:6,3
DA:7,1
DA:8,1
DA:9,2
DA:14,15
DA:15,1
DA:16,3
LF:7
LH:7
end_of_record
SF:lib\view\home\model\character_model.dart
DA:20,6
LF:1
LH:1
end_of_record
SF:lib\shared\api\usecase\characters_usecase.dart
DA:7,1
DA:9,1
DA:10,2
DA:11,0
LF:4
LH:3
end_of_record
SF:lib\view\home\model\mapper\character_mapper.dart
DA:5,0
DA:6,0
DA:7,0
DA:8,0
DA:9,0
DA:10,0
DA:11,0
DA:12,0
DA:13,0
DA:14,0
DA:15,0
DA:16,0
DA:17,0
DA:18,0
DA:19,0
DA:20,0
LF:16
LH:0
end_of_record
SF:lib\shared\templates\custom_navigation_bar.dart
DA:9,31
DA:14,5
DA:15,5
DA:21,1
DA:23,1
DA:24,2
DA:26,1
DA:27,2
DA:29,1
DA:30,2
DA:35,5
DA:37,5
DA:38,10
DA:39,5
LF:14
LH:14
end_of_record
SF:lib\view\feed\feed_page.dart
DA:13,23
DA:15,2
DA:16,2
DA:20,2
DA:22,10
DA:24,2
DA:26,2
DA:27,2
DA:28,2
DA:29,2
DA:31,2
DA:34,2
DA:35,2
LF:13
LH:13
end_of_record
SF:lib\view\liked\liked_page.dart
DA:12,11
DA:14,2
DA:15,2
DA:19,2
DA:22,10
DA:23,2
DA:24,2
DA:28,2
DA:29,2
DA:30,2
DA:31,2
DA:33,2
DA:34,2
LF:13
LH:13
end_of_record
SF:lib\view\saved\saved_page.dart
DA:11,11
DA:13,2
DA:14,2
DA:18,2
DA:20,10
DA:21,2
DA:22,2
DA:26,2
DA:27,2
DA:28,2
DA:29,2
DA:31,2
DA:32,2
LF:13
LH:13
end_of_record
SF:lib\shared\templates\list_view_posts.dart
DA:11,5
DA:14,5
DA:19,5
DA:20,5
DA:24,1
DA:25,1
DA:26,3
DA:27,1
DA:28,1
DA:30,1
DA:36,1
DA:37,1
DA:38,3
DA:39,1
DA:40,1
DA:42,1
DA:48,5
DA:50,5
DA:52,15
DA:53,3
DA:54,3
DA:55,3
DA:56,3
DA:58,3
DA:59,1
DA:60,2
DA:61,3
DA:63,3
DA:64,9
DA:68,3
DA:69,12
DA:71,3
DA:72,3
DA:73,3
DA:75,1
DA:76,4
DA:77,4
DA:78,5
DA:79,1
DA:80,2
DA:82,3
DA:83,12
DA:86,12
DA:91,3
DA:93,1
DA:96,3
DA:97,1
DA:98,1
DA:100,1
DA:101,1
DA:103,1
DA:107,1
DA:108,1
DA:110,1
DA:111,1
DA:112,1
DA:115,1
DA:116,1
DA:117,1
DA:118,4
DA:120,1
DA:128,1
DA:129,2
DA:130,2
DA:132,1
DA:133,1
DA:134,3
DA:135,1
DA:136,1
DA:138,1
DA:140,1
DA:141,4
DA:144,5
DA:168,3
DA:170,1
DA:171,4
DA:172,4
DA:173,5
DA:174,1
DA:175,2
DA:177,3
DA:178,12
LF:82
LH:82
end_of_record
SF:lib\shared\templates\row_profile_info.dart
DA:8,5
DA:11,5
DA:13,5
DA:15,5
DA:16,5
DA:17,5
DA:19,15
DA:22,5
DA:24,5
DA:25,15
DA:26,20
LF:11
LH:11
end_of_record
SF:lib\shared\templates\search_text_form_field.dart
DA:8,2
DA:12,2
DA:17,2
DA:19,2
DA:23,1
DA:24,1
DA:25,4
DA:26,2
DA:27,4
DA:28,3
DA:29,1
DA:30,1
DA:31,5
DA:32,1
DA:34,1
DA:35,1
DA:36,5
DA:37,1
DA:44,2
DA:46,2
DA:47,4
DA:48,2
DA:57,2
DA:58,2
DA:59,4
DA:60,2
DA:61,2
DA:62,4
DA:64,2
DA:66,1
DA:67,2
DA:68,6
LF:32
LH:32
end_of_record
SF:lib\view\feed\providers\providers.dart
DA:4,14
DA:5,14
LF:2
LH:2
end_of_record
SF:lib\shared\templates\replacement_if_list_is_empty.dart
DA:4,21
DA:6,1
DA:8,1
DA:10,1
DA:11,1
DA:12,1
DA:16,1
DA:19,1
DA:20,1
LF:9
LH:9
end_of_record
SF:lib\view\home\providers\list_characters.dart
DA:4,10
DA:5,10
LF:2
LH:2
end_of_record
SF:lib\view\feed\widgets\app_bar_feed.dart
DA:4,13
DA:6,2
DA:9,2
DA:11,2
DA:13,2
DA:15,2
DA:17,2
DA:18,1
DA:19,2
LF:9
LH:9
end_of_record
SF:lib\view\feed\widgets\list_view_profiles.dart
DA:5,2
DA:8,2
DA:12,2
DA:14,2
DA:16,4
DA:17,1
DA:18,1
DA:19,1
DA:20,1
DA:21,3
DA:22,6
DA:24,1
DA:26,1
DA:27,1
DA:28,1
DA:30,1
DA:31,1
DA:34,1
DA:35,1
DA:46,1
DA:48,1
DA:49,1
DA:50,3
DA:58,4
LF:24
LH:24
end_of_record
SF:lib\view\generate_routes.dart
DA:11,4
DA:12,8
DA:13,1
DA:14,0
DA:19,8
DA:20,1
DA:21,1
DA:22,1
DA:26,8
DA:27,1
DA:28,1
DA:33,8
DA:34,1
DA:35,1
DA:40,8
DA:41,3
DA:42,3
DA:43,3
DA:44,3
DA:50,2
DA:51,1
DA:52,1
DA:53,1
DA:54,1
LF:24
LH:23
end_of_record
SF:lib\view\home\home_page.dart
DA:12,2
DA:14,2
DA:15,2
DA:19,2
DA:21,6
DA:22,2
DA:23,2
DA:24,1
DA:25,2
DA:26,5
DA:28,1
DA:29,2
DA:33,1
DA:34,2
DA:36,2
DA:42,2
DA:43,4
LF:17
LH:17
end_of_record
SF:lib\view\profile\profile_page.dart
DA:10,3
DA:13,3
DA:15,3
DA:17,3
DA:18,3
DA:19,9
DA:21,3
DA:22,3
DA:23,3
DA:25,3
DA:27,3
DA:28,9
DA:29,3
DA:31,6
DA:33,9
DA:36,3
DA:38,6
DA:41,9
DA:44,3
DA:46,9
DA:50,3
DA:52,9
LF:22
LH:22
end_of_record
SF:lib\view\status\status_page.dart
DA:12,2
DA:15,2
DA:17,2
DA:19,2
DA:20,2
DA:21,2
DA:23,2
DA:24,2
DA:30,2
DA:33,2
DA:34,2
DA:38,2
DA:39,2
LF:13
LH:13
end_of_record
SF:lib\view\home\widgets\body_home_page.dart
DA:13,1
DA:17,1
DA:21,1
DA:22,1
DA:26,1
DA:28,5
DA:30,1
DA:31,1
DA:32,1
DA:33,1
DA:35,1
DA:36,2
DA:37,2
DA:41,1
DA:42,1
LF:15
LH:15
end_of_record
SF:lib\view\home\widgets\bottom_sheet_home.dart
DA:7,2
DA:10,2
DA:12,2
DA:14,2
DA:16,2
DA:18,2
DA:19,2
DA:20,1
DA:21,2
DA:32,2
DA:33,1
DA:34,3
DA:35,1
LF:13
LH:13
end_of_record
SF:lib\view\home\widgets\column_texts.dart
DA:4,10
DA:6,1
DA:8,1
LF:3
LH:3
end_of_record
SF:lib\view\home\widgets\list_view_search.dart
DA:9,1
DA:12,1
DA:14,1
DA:15,1
DA:19,1
DA:20,1
DA:21,3
DA:22,2
DA:23,1
DA:25,1
DA:31,1
DA:32,3
DA:33,2
DA:34,2
DA:39,1
DA:41,1
DA:44,3
DA:45,1
DA:46,1
DA:48,1
DA:49,1
DA:50,1
DA:51,4
DA:53,1
DA:54,5
DA:55,5
DA:56,1
DA:58,5
DA:60,1
DA:61,1
DA:62,5
DA:63,5
DA:64,1
DA:65,2
DA:67,1
DA:68,4
DA:73,1
DA:74,4
DA:75,1
DA:76,4
DA:81,4
LF:41
LH:41
end_of_record
SF:lib\view\profile\widgets\list_tile_profile_info.dart
DA:4,3
DA:10,3
DA:17,3
DA:19,3
DA:20,3
DA:21,3
DA:22,3
DA:24,6
DA:25,6
LF:9
LH:9
end_of_record
SF:lib\view\status\widgets\container_bottom_sheet.dart
DA:4,10
DA:6,0
DA:8,2
DA:10,2
DA:16,2
DA:18,2
DA:21,2
DA:23,2
DA:24,2
DA:27,2
DA:28,2
DA:29,2
DA:42,2
DA:43,1
DA:44,2
DA:45,2
DA:47,2
DA:48,2
LF:18
LH:17
end_of_record
SF:lib\view\status\widgets\ink_well_post_status.dart
DA:8,2
DA:11,2
DA:13,2
DA:15,2
DA:16,1
DA:17,3
DA:19,2
DA:21,2
DA:22,2
DA:30,2
DA:32,2
DA:33,2
DA:36,4
DA:38,6
DA:41,2
DA:42,6
LF:16
LH:16
end_of_record
SF:lib\view\status\widgets\row_info_status.dart
DA:7,2
DA:10,2
DA:12,2
DA:14,2
DA:15,2
DA:16,2
DA:17,6
DA:20,2
DA:21,4
LF:9
LH:9
end_of_record
